<?xml version="1.0" encoding="UTF-8"?>
<!-- Generated by org.testng.reporters.JUnitXMLReporter -->
<testsuite ignored="0" hostname="DESKTOP-SUVTTLO" failures="0" tests="6" name="Test runner2" time="0.08" errors="0" timestamp="2024-09-01T13:22:23 IST">
  <testcase classname="ParallelExecution.Test6" name="demo1" time="0.01"/>
  <testcase classname="ParallelExecution.Test6" name="demo2" time="0.001"/>
  <testcase classname="ParallelExecution.Test5" name="demo1" time="0.002"/>
  <testcase classname="ParallelExecution.Test5" name="demo2" time="0.008"/>
  <testcase classname="ParallelExecution.Test4" name="demo1" time="0.001"/>
  <testcase classname="ParallelExecution.Test4" name="demo2" time="0.002"/>
</testsuite> <!-- Test runner2 -->
