<?xml version="1.0" encoding="UTF-8"?>
<!-- Generated by org.testng.reporters.JUnitXMLReporter -->
<testsuite ignored="0" hostname="DESKTOP-SUVTTLO" failures="0" tests="6" name="Test Runner1" time="0.08" errors="0" timestamp="2024-09-01T13:22:23 IST">
  <testcase classname="ParallelExecution.Test3" name="demo1" time="0.01"/>
  <testcase classname="ParallelExecution.Test3" name="demo2" time="0.002"/>
  <testcase classname="ParallelExecution.Test2" name="demo1" time="0.002"/>
  <testcase classname="ParallelExecution.Test2" name="demo2" time="0.002"/>
  <testcase classname="ParallelExecution.Test1" name="demo1" time="0.001"/>
  <testcase classname="ParallelExecution.Test1" name="demo2" time="0.002"/>
</testsuite> <!-- Test Runner1 -->
