<?xml version="1.0" encoding="UTF-8"?>
<!-- Generated by org.testng.reporters.JUnitXMLReporter -->
<testsuite ignored="1" hostname="DESKTOP-SUVTTLO" failures="1" tests="21" name="Test" time="6.28" errors="0" timestamp="2024-08-28T16:07:30 IST">
  <testcase classname="TestNG.InvocationCount" name="demo2" time="0.007"/>
  <testcase classname="TestNG.InvocationCount" name="demo2" time="0.0"/>
  <testcase classname="TestNG.InvocationCount" name="demo4" time="0.001"/>
  <testcase classname="TestNG.InvocationCount" name="demo5" time="0.001"/>
  <testcase classname="TestNG.InvocationCount" name="demo5" time="0.001"/>
  <testcase classname="TestNG.InvocationCount" name="demo5" time="0.001"/>
  <testcase classname="TestNG.InvocationCount" name="demo5" time="0.001"/>
  <testcase classname="TestNG.EnabledTest" name="demo1" time="0.0"/>
  <testcase classname="TestNG.EnabledTest" name="demo1" time="0.002"/>
  <testcase classname="TestNG.EnabledTest" name="demo1" time="0.001"/>
  <testcase classname="TestNG.EnabledTest" name="demo1" time="0.0"/>
  <testcase classname="TestNG.PrioritizeTests" name="demo7" time="0.0"/>
  <testcase classname="TestNG.PrioritizeTests" name="demo2" time="0.0"/>
  <testcase classname="TestNG.PrioritizeTests" name="demo3" time="0.0"/>
  <testcase classname="TestNG.PrioritizeTests" name="demo4" time="0.001"/>
  <testcase classname="TestNG.PrioritizeTests" name="demo5" time="0.001"/>
  <testcase classname="TestNG.PrioritizeTests" name="demo6" time="0.0"/>
  <testcase classname="TestNG.PrioritizeTests" name="demo1" time="0.001"/>
  <testcase classname="TestNG.sampleTest" name="test" time="0.0"/>
  <testcase classname="TestNG.DependsOnMethodsFlag" name="navigateToApp" time="6.195">
    <failure type="java.lang.AssertionError" message="null">
      <![CDATA[java.lang.AssertionError: null
at TestNG.DependsOnMethodsFlag.navigateToApp(DependsOnMethodsFlag.java:21)
at java.base/java.util.ArrayList.forEach(ArrayList.java:1511)
... Removed 29 stack frames]]>
    </failure>
  </testcase> <!-- navigateToApp -->
  <testcase classname="TestNG.DependsOnMethodsFlag" name="logininToApp" time="0.0">
    <skipped/>
  </testcase> <!-- logininToApp -->
  <testcase classname="TestNG.EnabledTest" name="demo3" time="0.0">
    <ignored/>
  </testcase> <!-- demo3 -->
</testsuite> <!-- Test -->
