<?xml version="1.0" encoding="UTF-8"?>
<!-- Generated by org.testng.reporters.JUnitXMLReporter -->
<testsuite ignored="0" hostname="DESKTOP-SUVTTLO" failures="0" tests="6" name="Test Runner 1" time="0.055" errors="0" timestamp="2024-08-28T16:20:48 IST">
  <testcase classname="ParallelExecution.Test3" name="demo1" time="0.007"/>
  <testcase classname="ParallelExecution.Test3" name="demo2" time="0.001"/>
  <testcase classname="ParallelExecution.Test2" name="demo1" time="0.001"/>
  <testcase classname="ParallelExecution.Test2" name="demo2" time="0.001"/>
  <testcase classname="ParallelExecution.Test1" name="demo1" time="0.0"/>
  <testcase classname="ParallelExecution.Test1" name="demo2" time="0.001"/>
</testsuite> <!-- Test Runner 1 -->
